Performing C SOURCE FILE Test CMAKE_HAVE_LIBC_PTHREAD failed with the following output:
Change Dir: /io/_skbuild/linux-x86_64-3.9/cmake-build/CMakeFiles/CMakeTmp

Run Build Command(s):/usr/bin/gmake -f Makefile cmTC_09d43/fast && /usr/bin/gmake  -f CMakeFiles/cmTC_09d43.dir/build.make CMakeFiles/cmTC_09d43.dir/build
gmake[1]: Entering directory `/io/_skbuild/linux-x86_64-3.9/cmake-build/CMakeFiles/CMakeTmp'
Building C object CMakeFiles/cmTC_09d43.dir/src.c.o
/opt/rh/devtoolset-10/root/usr/bin/cc -DCMAKE_HAVE_LIBC_PTHREAD   -o CMakeFiles/cmTC_09d43.dir/src.c.o -c /io/_skbuild/linux-x86_64-3.9/cmake-build/CMakeFiles/CMakeTmp/src.c
Linking C executable cmTC_09d43
/opt/_internal/pipx/venvs/cmake/lib/python3.9/site-packages/cmake/data/bin/cmake -E cmake_link_script CMakeFiles/cmTC_09d43.dir/link.txt --verbose=1
/opt/rh/devtoolset-10/root/usr/bin/cc -rdynamic CMakeFiles/cmTC_09d43.dir/src.c.o -o cmTC_09d43 
/opt/rh/devtoolset-10/root/usr/libexec/gcc/x86_64-redhat-linux/10/ld: CMakeFiles/cmTC_09d43.dir/src.c.o: in function `main':
src.c:(.text+0x2d): undefined reference to `pthread_create'
/opt/rh/devtoolset-10/root/usr/libexec/gcc/x86_64-redhat-linux/10/ld: src.c:(.text+0x39): undefined reference to `pthread_detach'
/opt/rh/devtoolset-10/root/usr/libexec/gcc/x86_64-redhat-linux/10/ld: src.c:(.text+0x45): undefined reference to `pthread_cancel'
/opt/rh/devtoolset-10/root/usr/libexec/gcc/x86_64-redhat-linux/10/ld: src.c:(.text+0x56): undefined reference to `pthread_join'
/opt/rh/devtoolset-10/root/usr/libexec/gcc/x86_64-redhat-linux/10/ld: src.c:(.text+0x6a): undefined reference to `pthread_atfork'
collect2: error: ld returned 1 exit status
gmake[1]: *** [cmTC_09d43] Error 1
gmake[1]: Leaving directory `/io/_skbuild/linux-x86_64-3.9/cmake-build/CMakeFiles/CMakeTmp'
gmake: *** [cmTC_09d43/fast] Error 2


Source file was:
#include <pthread.h>

static void* test_func(void* data)
{
  return data;
}

int main(void)
{
  pthread_t thread;
  pthread_create(&thread, NULL, test_func, NULL);
  pthread_detach(thread);
  pthread_cancel(thread);
  pthread_join(thread, NULL);
  pthread_atfork(NULL, NULL, NULL);
  pthread_exit(NULL);

  return 0;
}

Determining if the function pthread_create exists in the pthreads failed with the following output:
Change Dir: /io/_skbuild/linux-x86_64-3.9/cmake-build/CMakeFiles/CMakeTmp

Run Build Command(s):/usr/bin/gmake -f Makefile cmTC_1a568/fast && /usr/bin/gmake  -f CMakeFiles/cmTC_1a568.dir/build.make CMakeFiles/cmTC_1a568.dir/build
gmake[1]: Entering directory `/io/_skbuild/linux-x86_64-3.9/cmake-build/CMakeFiles/CMakeTmp'
Building C object CMakeFiles/cmTC_1a568.dir/CheckFunctionExists.c.o
/opt/rh/devtoolset-10/root/usr/bin/cc   -DCHECK_FUNCTION_EXISTS=pthread_create -o CMakeFiles/cmTC_1a568.dir/CheckFunctionExists.c.o -c /opt/_internal/pipx/venvs/cmake/lib/python3.9/site-packages/cmake/data/share/cmake-3.22/Modules/CheckFunctionExists.c
Linking C executable cmTC_1a568
/opt/_internal/pipx/venvs/cmake/lib/python3.9/site-packages/cmake/data/bin/cmake -E cmake_link_script CMakeFiles/cmTC_1a568.dir/link.txt --verbose=1
/opt/rh/devtoolset-10/root/usr/bin/cc  -DCHECK_FUNCTION_EXISTS=pthread_create -rdynamic CMakeFiles/cmTC_1a568.dir/CheckFunctionExists.c.o -o cmTC_1a568  -lpthreads 
/opt/rh/devtoolset-10/root/usr/libexec/gcc/x86_64-redhat-linux/10/ld: cannot find -lpthreads
collect2: error: ld returned 1 exit status
gmake[1]: *** [cmTC_1a568] Error 1
gmake[1]: Leaving directory `/io/_skbuild/linux-x86_64-3.9/cmake-build/CMakeFiles/CMakeTmp'
gmake: *** [cmTC_1a568/fast] Error 2



