Performing C SOURCE FILE Test CMAKE_HAVE_LIBC_PTHREAD failed with the following output:
Change Dir: /home/apn/git/tuo-pip/build/CMakeFiles/CMakeTmp

Run Build Command(s):/usr/bin/gmake -f Makefile cmTC_5ccd3/fast && /usr/bin/gmake  -f CMakeFiles/cmTC_5ccd3.dir/build.make CMakeFiles/cmTC_5ccd3.dir/build
gmake[1]: Entering directory '/home/apn/data/de.neuwirthinformatik.Alexander/Development/git/tuo-pip/build/CMakeFiles/CMakeTmp'
Building C object CMakeFiles/cmTC_5ccd3.dir/src.c.o
/usr/bin/cc -DCMAKE_HAVE_LIBC_PTHREAD   -o CMakeFiles/cmTC_5ccd3.dir/src.c.o -c /home/apn/git/tuo-pip/build/CMakeFiles/CMakeTmp/src.c
Linking C executable cmTC_5ccd3
/usr/bin/cmake -E cmake_link_script CMakeFiles/cmTC_5ccd3.dir/link.txt --verbose=1
/usr/bin/cc -rdynamic CMakeFiles/cmTC_5ccd3.dir/src.c.o -o cmTC_5ccd3 
/usr/lib/gcc/x86_64-pc-linux-gnu/9.3.0/../../../../x86_64-pc-linux-gnu/bin/ld: CMakeFiles/cmTC_5ccd3.dir/src.c.o: in function `main':
src.c:(.text+0x3e): undefined reference to `pthread_create'
/usr/lib/gcc/x86_64-pc-linux-gnu/9.3.0/../../../../x86_64-pc-linux-gnu/bin/ld: src.c:(.text+0x4a): undefined reference to `pthread_detach'
/usr/lib/gcc/x86_64-pc-linux-gnu/9.3.0/../../../../x86_64-pc-linux-gnu/bin/ld: src.c:(.text+0x56): undefined reference to `pthread_cancel'
/usr/lib/gcc/x86_64-pc-linux-gnu/9.3.0/../../../../x86_64-pc-linux-gnu/bin/ld: src.c:(.text+0x67): undefined reference to `pthread_join'
collect2: error: ld returned 1 exit status
gmake[1]: *** [CMakeFiles/cmTC_5ccd3.dir/build.make:99: cmTC_5ccd3] Error 1
gmake[1]: Leaving directory '/home/apn/data/de.neuwirthinformatik.Alexander/Development/git/tuo-pip/build/CMakeFiles/CMakeTmp'
gmake: *** [Makefile:127: cmTC_5ccd3/fast] Error 2


Source file was:
#include <pthread.h>

static void* test_func(void* data)
{
  return data;
}

int main(void)
{
  pthread_t thread;
  pthread_create(&thread, NULL, test_func, NULL);
  pthread_detach(thread);
  pthread_cancel(thread);
  pthread_join(thread, NULL);
  pthread_atfork(NULL, NULL, NULL);
  pthread_exit(NULL);

  return 0;
}

Determining if the function pthread_create exists in the pthreads failed with the following output:
Change Dir: /home/apn/git/tuo-pip/build/CMakeFiles/CMakeTmp

Run Build Command(s):/usr/bin/gmake -f Makefile cmTC_e24d3/fast && /usr/bin/gmake  -f CMakeFiles/cmTC_e24d3.dir/build.make CMakeFiles/cmTC_e24d3.dir/build
gmake[1]: Entering directory '/home/apn/data/de.neuwirthinformatik.Alexander/Development/git/tuo-pip/build/CMakeFiles/CMakeTmp'
Building C object CMakeFiles/cmTC_e24d3.dir/CheckFunctionExists.c.o
/usr/bin/cc   -DCHECK_FUNCTION_EXISTS=pthread_create -o CMakeFiles/cmTC_e24d3.dir/CheckFunctionExists.c.o -c /usr/share/cmake/Modules/CheckFunctionExists.c
Linking C executable cmTC_e24d3
/usr/bin/cmake -E cmake_link_script CMakeFiles/cmTC_e24d3.dir/link.txt --verbose=1
/usr/bin/cc  -DCHECK_FUNCTION_EXISTS=pthread_create -rdynamic CMakeFiles/cmTC_e24d3.dir/CheckFunctionExists.c.o -o cmTC_e24d3  -lpthreads 
/usr/lib/gcc/x86_64-pc-linux-gnu/9.3.0/../../../../x86_64-pc-linux-gnu/bin/ld: cannot find -lpthreads
collect2: error: ld returned 1 exit status
gmake[1]: *** [CMakeFiles/cmTC_e24d3.dir/build.make:99: cmTC_e24d3] Error 1
gmake[1]: Leaving directory '/home/apn/data/de.neuwirthinformatik.Alexander/Development/git/tuo-pip/build/CMakeFiles/CMakeTmp'
gmake: *** [Makefile:127: cmTC_e24d3/fast] Error 2



